<?xml version="1.0" encoding="UTF-8"?>
<coverage generated="1539608586857" clover="3.2.0">
  <project timestamp="1539608586858" name="All files">
    <metrics statements="15" coveredstatements="14" conditionals="2" coveredconditionals="2" methods="6" coveredmethods="5" elements="23" coveredelements="21" complexity="0" loc="15" ncloc="15" packages="1" files="1" classes="1">
      <file name="helpers.ts" path="/usr/src/app/helpers.ts">
        <metrics statements="15" coveredstatements="14" conditionals="2" coveredconditionals="2" methods="6" coveredmethods="5"/>
        <line num="15" count="1" type="stmt"/>
        <line num="16" count="1" type="stmt"/>
        <line num="17" count="3" type="stmt"/>
        <line num="21" count="1" type="stmt"/>
        <line num="22" count="1" type="stmt"/>
        <line num="23" count="3" type="stmt"/>
        <line num="27" count="1" type="stmt"/>
        <line num="28" count="2" type="cond" truecount="2" falsecount="0"/>
        <line num="29" count="2" type="stmt"/>
        <line num="38" count="1" type="stmt"/>
        <line num="39" count="1" type="stmt"/>
        <line num="42" count="1" type="stmt"/>
        <line num="43" count="1" type="stmt"/>
        <line num="51" count="1" type="stmt"/>
        <line num="52" count="0" type="stmt"/>
      </file>
    </metrics>
  </project>
</coverage>
