{"/usr/src/app/helpers.ts": {"path":"/usr/src/app/helpers.ts","statementMap":{"0":{"start":{"line":14,"column":0},"end":{"line":18,"column":2}},"1":{"start":{"line":15,"column":2},"end":{"line":17,"column":3}},"2":{"start":{"line":16,"column":4},"end":{"line":16,"column":25}},"3":{"start":{"line":20,"column":0},"end":{"line":24,"column":2}},"4":{"start":{"line":21,"column":2},"end":{"line":23,"column":3}},"5":{"start":{"line":22,"column":4},"end":{"line":22,"column":25}},"6":{"start":{"line":26,"column":0},"end":{"line":31,"column":2}},"7":{"start":{"line":27,"column":2},"end":{"line":27,"column":60}},"8":{"start":{"line":27,"column":42},"end":{"line":27,"column":58}},"9":{"start":{"line":28,"column":2},"end":{"line":30,"column":42}},"10":{"start":{"line":33,"column":0},"end":{"line":35,"column":2}},"11":{"start":{"line":34,"column":2},"end":{"line":34,"column":84}}},"fnMap":{"0":{"name":"(anonymous_0)","decl":{"start":{"line":14,"column":26},"end":{"line":14,"column":34}},"loc":{"start":{"line":14,"column":43},"end":{"line":18,"column":1}}},"1":{"name":"(anonymous_1)","decl":{"start":{"line":20,"column":33},"end":{"line":20,"column":41}},"loc":{"start":{"line":20,"column":50},"end":{"line":24,"column":1}}},"2":{"name":"(anonymous_2)","decl":{"start":{"line":26,"column":26},"end":{"line":26,"column":34}},"loc":{"start":{"line":26,"column":53},"end":{"line":31,"column":1}}},"3":{"name":"(anonymous_3)","decl":{"start":{"line":33,"column":28},"end":{"line":null,"column":-1}},"loc":{"start":{"line":33,"column":28},"end":{"line":35,"column":1}}}},"branchMap":{"0":{"loc":{"start":{"line":27,"column":2},"end":{"line":27,"column":60}},"type":"if","locations":[{"start":{"line":27,"column":2},"end":{"line":27,"column":60}},{"start":{"line":27,"column":2},"end":{"line":27,"column":60}}]}},"s":{"0":2,"1":1,"2":3,"3":2,"4":1,"5":3,"6":2,"7":2,"8":1,"9":2,"10":2,"11":4},"f":{"0":1,"1":1,"2":2,"3":4},"b":{"0":[1,1]}}
,"/usr/src/app/db/client.ts": {"path":"/usr/src/app/db/client.ts","statementMap":{"0":{"start":{"line":1,"column":0},"end":{"line":1,"column":30}},"1":{"start":{"line":2,"column":0},"end":{"line":2,"column":34}},"2":{"start":{"line":4,"column":16},"end":{"line":7,"column":1}},"3":{"start":{"line":9,"column":16},"end":{"line":9,"column":73}},"4":{"start":{"line":10,"column":12},"end":{"line":10,"column":78}},"5":{"start":{"line":12,"column":13},"end":{"line":12,"column":106}},"6":{"start":{"line":13,"column":13},"end":{"line":13,"column":76}},"7":{"start":{"line":14,"column":13},"end":{"line":17,"column":2}},"8":{"start":{"line":23,"column":2},"end":{"line":28,"column":4}},"9":{"start":{"line":29,"column":2},"end":{"line":29,"column":90}},"10":{"start":{"line":29,"column":30},"end":{"line":29,"column":88}},"11":{"start":{"line":30,"column":2},"end":{"line":30,"column":23}},"12":{"start":{"line":39,"column":2},"end":{"line":39,"column":22}},"13":{"start":{"line":40,"column":12},"end":{"line":40,"column":14}},"14":{"start":{"line":40,"column":26},"end":{"line":40,"column":28}},"15":{"start":{"line":40,"column":41},"end":{"line":40,"column":43}},"16":{"start":{"line":40,"column":55},"end":{"line":40,"column":57}},"17":{"start":{"line":41,"column":2},"end":{"line":51,"column":5}},"18":{"start":{"line":42,"column":23},"end":{"line":42,"column":44}},"19":{"start":{"line":43,"column":20},"end":{"line":43,"column":92}},"20":{"start":{"line":44,"column":4},"end":{"line":44,"column":70}},"21":{"start":{"line":45,"column":4},"end":{"line":45,"column":43}},"22":{"start":{"line":46,"column":4},"end":{"line":46,"column":37}},"23":{"start":{"line":48,"column":4},"end":{"line":50,"column":5}},"24":{"start":{"line":49,"column":6},"end":{"line":49,"column":56}},"25":{"start":{"line":52,"column":2},"end":{"line":52,"column":89}},"26":{"start":{"line":53,"column":2},"end":{"line":53,"column":89}},"27":{"start":{"line":38,"column":0},"end":{"line":54,"column":1}}},"fnMap":{"0":{"name":"generateDynamodbParam","decl":{"start":{"line":19,"column":0},"end":{"line":20,"column":1}},"loc":{"start":{"line":21,"column":49},"end":{"line":31,"column":1}}},"1":{"name":"buildQuery","decl":{"start":{"line":38,"column":0},"end":{"line":38,"column":26}},"loc":{"start":{"line":38,"column":77},"end":{"line":54,"column":1}}},"2":{"name":"(anonymous_3)","decl":{"start":{"line":41,"column":29},"end":{"line":41,"column":30}},"loc":{"start":{"line":41,"column":44},"end":{"line":51,"column":3}}}},"branchMap":{"0":{"loc":{"start":{"line":9,"column":16},"end":{"line":9,"column":38}},"type":"binary-expr","locations":[{"start":{"line":9,"column":16},"end":{"line":9,"column":38}},{"start":{"line":9,"column":42},"end":{"line":9,"column":73}}]},"1":{"loc":{"start":{"line":10,"column":46},"end":{"line":10,"column":52}},"type":"cond-expr","locations":[{"start":{"line":10,"column":46},"end":{"line":10,"column":52}},{"start":{"line":10,"column":55},"end":{"line":10,"column":78}}]},"2":{"loc":{"start":{"line":12,"column":29},"end":{"line":12,"column":69}},"type":"cond-expr","locations":[{"start":{"line":12,"column":29},"end":{"line":12,"column":69}},{"start":{"line":12,"column":72},"end":{"line":12,"column":105}}]},"3":{"loc":{"start":{"line":13,"column":29},"end":{"line":13,"column":54}},"type":"cond-expr","locations":[{"start":{"line":13,"column":29},"end":{"line":13,"column":54}},{"start":{"line":13,"column":57},"end":{"line":13,"column":75}}]},"4":{"loc":{"start":{"line":29,"column":2},"end":{"line":29,"column":90}},"type":"if","locations":[{"start":{"line":29,"column":2},"end":{"line":29,"column":90}},{"start":{"line":29,"column":2},"end":{"line":29,"column":90}}]},"5":{"loc":{"start":{"line":43,"column":20},"end":{"line":43,"column":49}},"type":"binary-expr","locations":[{"start":{"line":43,"column":20},"end":{"line":43,"column":49}},{"start":{"line":43,"column":53},"end":{"line":43,"column":92}}]},"6":{"loc":{"start":{"line":44,"column":55},"end":{"line":44,"column":62}},"type":"cond-expr","locations":[{"start":{"line":44,"column":55},"end":{"line":44,"column":62}},{"start":{"line":44,"column":65},"end":{"line":44,"column":67}}]},"7":{"loc":{"start":{"line":48,"column":4},"end":{"line":50,"column":5}},"type":"if","locations":[{"start":{"line":48,"column":4},"end":{"line":50,"column":5}},{"start":{"line":48,"column":4},"end":{"line":50,"column":5}}]},"8":{"loc":{"start":{"line":49,"column":44},"end":{"line":49,"column":48}},"type":"cond-expr","locations":[{"start":{"line":49,"column":44},"end":{"line":49,"column":48}},{"start":{"line":49,"column":51},"end":{"line":49,"column":53}}]}},"s":{"0":1,"1":1,"2":1,"3":1,"4":1,"5":1,"6":1,"7":1,"8":0,"9":0,"10":0,"11":0,"12":0,"13":0,"14":0,"15":0,"16":0,"17":0,"18":0,"19":0,"20":0,"21":0,"22":0,"23":0,"24":0,"25":0,"26":0,"27":1},"f":{"0":0,"1":0,"2":0},"b":{"0":[1,1],"1":[1,0],"2":[1,0],"3":[1,0],"4":[0,0],"5":[0,0],"6":[0,0],"7":[0,0],"8":[0,0]}}
,"/usr/src/app/db/models/project.ts": {"path":"/usr/src/app/db/models/project.ts","statementMap":{"0":{"start":{"line":18,"column":4},"end":{"line":18,"column":34}},"1":{"start":{"line":22,"column":4},"end":{"line":22,"column":34}},"2":{"start":{"line":26,"column":4},"end":{"line":26,"column":34}},"3":{"start":{"line":6,"column":0},"end":{"line":28,"column":1}}},"fnMap":{"0":{"name":"(anonymous_0)","decl":{"start":{"line":17,"column":2},"end":{"line":17,"column":13}},"loc":{"start":{"line":17,"column":26},"end":{"line":19,"column":3}}},"1":{"name":"(anonymous_1)","decl":{"start":{"line":21,"column":2},"end":{"line":21,"column":5}},"loc":{"start":{"line":21,"column":8},"end":{"line":23,"column":3}}},"2":{"name":"(anonymous_2)","decl":{"start":{"line":25,"column":2},"end":{"line":25,"column":5}},"loc":{"start":{"line":25,"column":11},"end":{"line":27,"column":3}}}},"branchMap":{},"s":{"0":0,"1":0,"2":0,"3":1},"f":{"0":0,"1":0,"2":0},"b":{}}
,"/usr/src/app/db/models/response.ts": {"path":"/usr/src/app/db/models/response.ts","statementMap":{"0":{"start":{"line":1,"column":0},"end":{"line":34,"column":1}},"1":{"start":{"line":11,"column":2},"end":{"line":11,"column":21}},"2":{"start":{"line":22,"column":2},"end":{"line":22,"column":15}},"3":{"start":{"line":33,"column":2},"end":{"line":33,"column":17}},"4":{"start":{"line":53,"column":4},"end":{"line":53,"column":32}},"5":{"start":{"line":40,"column":0},"end":{"line":55,"column":1}}},"fnMap":{"0":{"name":"(anonymous_0)","decl":{"start":{"line":1,"column":0},"end":{"line":1,"column":11}},"loc":{"start":{"line":1,"column":26},"end":{"line":34,"column":1}}},"1":{"name":"(anonymous_1)","decl":{"start":{"line":46,"column":2},"end":{"line":46,"column":13}},"loc":{"start":{"line":52,"column":3},"end":{"line":54,"column":3}}}},"branchMap":{"0":{"loc":{"start":{"line":1,"column":12},"end":{"line":1,"column":26}},"type":"binary-expr","locations":[{"start":{"line":1,"column":12},"end":{"line":1,"column":26}},{"start":{"line":1,"column":12},"end":{"line":1,"column":26}}]}},"s":{"0":1,"1":1,"2":1,"3":1,"4":8,"5":1},"f":{"0":1,"1":8},"b":{"0":[1,1]}}
,"/usr/src/app/projects/index.ts": {"path":"/usr/src/app/projects/index.ts","statementMap":{"0":{"start":{"line":1,"column":0},"end":{"line":1,"column":40}},"1":{"start":{"line":2,"column":0},"end":{"line":2,"column":46}},"2":{"start":{"line":3,"column":0},"end":{"line":3,"column":64}},"3":{"start":{"line":4,"column":11},"end":{"line":4,"column":23}},"4":{"start":{"line":13,"column":2},"end":{"line":46,"column":5}},"5":{"start":{"line":14,"column":21},"end":{"line":14,"column":42}},"6":{"start":{"line":15,"column":4},"end":{"line":45,"column":5}},"7":{"start":{"line":16,"column":6},"end":{"line":19,"column":10}},"8":{"start":{"line":21,"column":19},"end":{"line":24,"column":7}},"9":{"start":{"line":25,"column":6},"end":{"line":44,"column":9}},"10":{"start":{"line":33,"column":8},"end":{"line":36,"column":12}},"11":{"start":{"line":38,"column":8},"end":{"line":43,"column":12}},"12":{"start":{"line":12,"column":0},"end":{"line":47,"column":1}},"13":{"start":{"line":50,"column":2},"end":{"line":71,"column":5}},"14":{"start":{"line":51,"column":16},"end":{"line":51,"column":18}},"15":{"start":{"line":52,"column":4},"end":{"line":52,"column":24}},"16":{"start":{"line":53,"column":4},"end":{"line":53,"column":62}},"17":{"start":{"line":54,"column":4},"end":{"line":69,"column":7}},"18":{"start":{"line":57,"column":6},"end":{"line":57,"column":26}},"19":{"start":{"line":58,"column":6},"end":{"line":66,"column":7}},"20":{"start":{"line":60,"column":8},"end":{"line":62,"column":11}},"21":{"start":{"line":61,"column":10},"end":{"line":61,"column":43}},"22":{"start":{"line":63,"column":8},"end":{"line":63,"column":26}},"23":{"start":{"line":65,"column":8},"end":{"line":65,"column":40}},"24":{"start":{"line":68,"column":6},"end":{"line":68,"column":20}},"25":{"start":{"line":70,"column":4},"end":{"line":70,"column":23}},"26":{"start":{"line":49,"column":0},"end":{"line":72,"column":1}}},"fnMap":{"0":{"name":"create","decl":{"start":{"line":12,"column":0},"end":{"line":12,"column":22}},"loc":{"start":{"line":12,"column":40},"end":{"line":47,"column":1}}},"1":{"name":"(anonymous_2)","decl":{"start":{"line":13,"column":21},"end":{"line":13,"column":22}},"loc":{"start":{"line":13,"column":41},"end":{"line":46,"column":3}}},"2":{"name":"(anonymous_3)","decl":{"start":{"line":32,"column":24},"end":{"line":32,"column":25}},"loc":{"start":{"line":32,"column":35},"end":{"line":37,"column":7}}},"3":{"name":"(anonymous_4)","decl":{"start":{"line":37,"column":15},"end":{"line":37,"column":16}},"loc":{"start":{"line":37,"column":25},"end":{"line":44,"column":7}}},"4":{"name":"find","decl":{"start":{"line":49,"column":0},"end":{"line":49,"column":20}},"loc":{"start":{"line":49,"column":49},"end":{"line":72,"column":1}}},"5":{"name":"(anonymous_6)","decl":{"start":{"line":50,"column":21},"end":{"line":50,"column":22}},"loc":{"start":{"line":50,"column":41},"end":{"line":71,"column":3}}},"6":{"name":"(anonymous_7)","decl":{"start":{"line":56,"column":22},"end":{"line":56,"column":27}},"loc":{"start":{"line":56,"column":31},"end":{"line":67,"column":5}}},"7":{"name":"(anonymous_8)","decl":{"start":{"line":60,"column":29},"end":{"line":60,"column":32}},"loc":{"start":{"line":60,"column":36},"end":{"line":62,"column":9}}},"8":{"name":"(anonymous_9)","decl":{"start":{"line":67,"column":13},"end":{"line":67,"column":17}},"loc":{"start":{"line":67,"column":21},"end":{"line":69,"column":5}}}},"branchMap":{"0":{"loc":{"start":{"line":15,"column":4},"end":{"line":45,"column":5}},"type":"if","locations":[{"start":{"line":15,"column":4},"end":{"line":45,"column":5}},{"start":{"line":15,"column":4},"end":{"line":45,"column":5}}]},"1":{"loc":{"start":{"line":15,"column":8},"end":{"line":15,"column":22}},"type":"binary-expr","locations":[{"start":{"line":15,"column":8},"end":{"line":15,"column":22}},{"start":{"line":15,"column":26},"end":{"line":15,"column":41}}]},"2":{"loc":{"start":{"line":58,"column":6},"end":{"line":66,"column":7}},"type":"if","locations":[{"start":{"line":58,"column":6},"end":{"line":66,"column":7}},{"start":{"line":58,"column":6},"end":{"line":66,"column":7}}]}},"s":{"0":1,"1":1,"2":1,"3":1,"4":4,"5":4,"6":4,"7":2,"8":2,"9":2,"10":1,"11":1,"12":1,"13":0,"14":0,"15":0,"16":0,"17":0,"18":0,"19":0,"20":0,"21":0,"22":0,"23":0,"24":0,"25":0,"26":1},"f":{"0":4,"1":4,"2":1,"3":1,"4":0,"5":0,"6":0,"7":0,"8":0},"b":{"0":[2,2],"1":[4,2],"2":[0,0]}}
}
