{"/usr/src/app/helpers.ts": {"path":"/usr/src/app/helpers.ts","statementMap":{"0":{"start":{"line":15,"column":0},"end":{"line":19,"column":2}},"1":{"start":{"line":16,"column":2},"end":{"line":18,"column":3}},"2":{"start":{"line":17,"column":4},"end":{"line":17,"column":25}},"3":{"start":{"line":21,"column":0},"end":{"line":25,"column":2}},"4":{"start":{"line":22,"column":2},"end":{"line":24,"column":3}},"5":{"start":{"line":23,"column":4},"end":{"line":23,"column":25}},"6":{"start":{"line":27,"column":0},"end":{"line":32,"column":2}},"7":{"start":{"line":28,"column":2},"end":{"line":28,"column":60}},"8":{"start":{"line":28,"column":42},"end":{"line":28,"column":58}},"9":{"start":{"line":29,"column":2},"end":{"line":31,"column":42}},"10":{"start":{"line":38,"column":0},"end":{"line":40,"column":2}},"11":{"start":{"line":39,"column":2},"end":{"line":39,"column":64}},"12":{"start":{"line":42,"column":0},"end":{"line":44,"column":2}},"13":{"start":{"line":43,"column":2},"end":{"line":43,"column":84}},"14":{"start":{"line":51,"column":19},"end":{"line":53,"column":1}},"15":{"start":{"line":52,"column":2},"end":{"line":52,"column":49}}},"fnMap":{"0":{"name":"(anonymous_0)","decl":{"start":{"line":15,"column":26},"end":{"line":15,"column":34}},"loc":{"start":{"line":15,"column":43},"end":{"line":19,"column":1}}},"1":{"name":"(anonymous_1)","decl":{"start":{"line":21,"column":33},"end":{"line":21,"column":41}},"loc":{"start":{"line":21,"column":50},"end":{"line":25,"column":1}}},"2":{"name":"(anonymous_2)","decl":{"start":{"line":27,"column":26},"end":{"line":27,"column":34}},"loc":{"start":{"line":27,"column":53},"end":{"line":32,"column":1}}},"3":{"name":"(anonymous_3)","decl":{"start":{"line":38,"column":33},"end":{"line":null,"column":-1}},"loc":{"start":{"line":38,"column":33},"end":{"line":40,"column":1}}},"4":{"name":"(anonymous_4)","decl":{"start":{"line":42,"column":28},"end":{"line":null,"column":-1}},"loc":{"start":{"line":42,"column":28},"end":{"line":44,"column":1}}},"5":{"name":"(anonymous_5)","decl":{"start":{"line":51,"column":19},"end":{"line":51,"column":21}},"loc":{"start":{"line":51,"column":24},"end":{"line":53,"column":1}}}},"branchMap":{"0":{"loc":{"start":{"line":28,"column":2},"end":{"line":28,"column":60}},"type":"if","locations":[{"start":{"line":28,"column":2},"end":{"line":28,"column":60}},{"start":{"line":28,"column":2},"end":{"line":28,"column":60}}]}},"s":{"0":1,"1":1,"2":3,"3":1,"4":1,"5":3,"6":1,"7":2,"8":1,"9":2,"10":1,"11":1,"12":1,"13":1,"14":1,"15":0},"f":{"0":1,"1":1,"2":2,"3":1,"4":1,"5":0},"b":{"0":[1,1]}}
}
