TN:
SF:/usr/src/app/helpers.ts
FN:15,(anonymous_0)
FN:21,(anonymous_1)
FN:27,(anonymous_2)
FN:38,(anonymous_3)
FN:42,(anonymous_4)
FN:51,(anonymous_5)
FNF:6
FNH:5
FNDA:6,(anonymous_0)
FNDA:1,(anonymous_1)
FNDA:2,(anonymous_2)
FNDA:1,(anonymous_3)
FNDA:5,(anonymous_4)
FNDA:0,(anonymous_5)
DA:15,2
DA:16,6
DA:17,7
DA:21,2
DA:22,1
DA:23,3
DA:27,2
DA:28,2
DA:29,2
DA:38,2
DA:39,1
DA:42,2
DA:43,5
DA:51,2
DA:52,0
LF:15
LH:14
BRDA:28,0,0,1
BRDA:28,0,1,1
BRF:2
BRH:2
end_of_record
TN:
SF:/usr/src/app/db/client.ts
FN:20,generateDynamodbParam
FN:39,buildQuery
FN:44,(anonymous_3)
FN:53,(anonymous_4)
FN:68,(anonymous_5)
FN:71,(anonymous_6)
FN:72,(anonymous_7)
FNF:7
FNH:3
FNDA:0,generateDynamodbParam
FNDA:0,buildQuery
FNDA:0,(anonymous_3)
FNDA:0,(anonymous_4)
FNDA:5,(anonymous_5)
FNDA:10,(anonymous_6)
FNDA:4,(anonymous_7)
DA:1,1
DA:2,1
DA:3,1
DA:5,1
DA:10,1
DA:11,1
DA:13,1
DA:14,1
DA:15,1
DA:24,0
DA:30,0
DA:31,0
DA:39,1
DA:40,0
DA:41,0
DA:42,0
DA:43,0
DA:44,0
DA:45,0
DA:46,0
DA:47,0
DA:48,0
DA:49,0
DA:52,0
DA:53,0
DA:54,0
DA:55,0
DA:58,0
DA:68,1
DA:69,5
DA:70,5
DA:71,10
DA:72,5
DA:73,4
DA:74,3
DA:76,1
DA:80,5
DA:81,3
DA:89,0
DA:90,0
LF:40
LH:20
BRDA:10,0,0,1
BRDA:10,0,1,1
BRDA:11,1,0,1
BRDA:11,1,1,0
BRDA:13,2,0,1
BRDA:13,2,1,0
BRDA:14,3,0,1
BRDA:14,3,1,0
BRDA:30,4,0,0
BRDA:30,4,1,0
BRDA:46,5,0,0
BRDA:46,5,1,0
BRDA:47,6,0,0
BRDA:47,6,1,0
BRDA:52,7,0,0
BRDA:52,7,1,0
BRDA:52,8,0,0
BRDA:52,8,1,0
BRDA:55,9,0,0
BRDA:55,9,1,0
BRDA:69,10,0,5
BRDA:69,10,1,0
BRDA:73,11,0,3
BRDA:73,11,1,1
BRDA:74,12,0,1
BRDA:74,12,1,2
BRDA:76,13,0,1
BRDA:76,13,1,0
BRDA:80,14,0,3
BRDA:80,14,1,2
BRDA:89,15,0,0
BRDA:89,15,1,0
BRDA:89,16,0,0
BRDA:89,16,1,0
BRF:34
BRH:13
end_of_record
TN:
SF:/usr/src/app/db/models/project.ts
FN:12,(anonymous_0)
FNF:1
FNH:1
FNDA:5,(anonymous_0)
DA:6,1
DA:13,5
DA:14,3
DA:15,3
DA:16,3
LF:5
LH:5
BRDA:14,0,0,0
BRDA:14,0,1,3
BRF:2
BRH:1
end_of_record
TN:
SF:/usr/src/app/db/models/response.ts
FN:1,(anonymous_0)
FN:46,(anonymous_1)
FNF:2
FNH:2
FNDA:1,(anonymous_0)
FNDA:10,(anonymous_1)
DA:1,1
DA:11,1
DA:22,1
DA:33,1
DA:40,1
DA:53,10
LF:6
LH:6
BRDA:1,0,0,1
BRDA:1,0,1,1
BRF:2
BRH:2
end_of_record
TN:
SF:/usr/src/app/projects/index.ts
FNF:0
FNH:0
DA:1,1
DA:2,1
DA:3,1
DA:4,1
LF:4
LH:4
BRF:0
BRH:0
end_of_record
TN:
SF:/usr/src/app/projects/methods/create.ts
FN:11,create
FN:12,(anonymous_1)
FN:22,(anonymous_2)
FN:34,(anonymous_3)
FN:39,(anonymous_4)
FN:48,(anonymous_5)
FNF:6
FNH:4
FNDA:5,create
FNDA:5,(anonymous_1)
FNDA:2,(anonymous_2)
FNDA:1,(anonymous_3)
FNDA:0,(anonymous_4)
FNDA:0,(anonymous_5)
DA:1,1
DA:2,1
DA:3,1
DA:11,1
DA:12,5
DA:13,5
DA:14,5
DA:15,5
DA:16,3
DA:23,2
DA:24,1
DA:31,1
DA:35,1
DA:40,0
DA:49,0
LF:15
LH:13
BRDA:23,0,0,1
BRDA:23,0,1,1
BRF:2
BRH:2
end_of_record
TN:
SF:/usr/src/app/projects/methods/find.ts
FN:14,(anonymous_0)
FN:25,(anonymous_1)
FN:40,find
FN:41,(anonymous_3)
FN:43,(anonymous_4)
FN:57,(anonymous_5)
FNF:6
FNH:0
FNDA:0,(anonymous_0)
FNDA:0,(anonymous_1)
FNDA:0,find
FNDA:0,(anonymous_3)
FNDA:0,(anonymous_4)
FNDA:0,(anonymous_5)
DA:2,1
DA:4,1
DA:15,0
DA:25,1
DA:27,0
DA:28,0
DA:29,0
DA:31,0
DA:40,1
DA:41,0
DA:42,0
DA:43,0
DA:44,0
DA:45,0
DA:50,0
DA:58,0
LF:16
LH:4
BRDA:28,0,0,0
BRDA:28,0,1,0
BRDA:28,1,0,0
BRDA:28,1,1,0
BRDA:44,2,0,0
BRDA:44,2,1,0
BRDA:52,3,0,0
BRDA:52,3,1,0
BRF:8
BRH:0
end_of_record
TN:
SF:/usr/src/app/projects/methods/remove.ts
FN:1,remove
FNF:1
FNH:0
FNDA:0,remove
DA:1,1
DA:2,0
LF:2
LH:1
BRF:0
BRH:0
end_of_record
TN:
SF:/usr/src/app/projects/methods/update.ts
FN:1,update
FNF:1
FNH:0
FNDA:0,update
DA:1,1
DA:2,0
LF:2
LH:1
BRF:0
BRH:0
end_of_record
